0 info it worked if it ends with ok
1 verbose cli [ '/Users/noah/.nvm/v0.10.36/bin/node',
1 verbose cli   '/Users/noah/.nvm/v0.10.36/bin/npm',
1 verbose cli   'run',
1 verbose cli   'test' ]
2 info using npm@1.4.28
3 info using node@v0.10.36
4 verbose run-script [ 'pretest', 'test', 'posttest' ]
5 info pretest db-project@1.0.0
6 info test db-project@1.0.0
7 verbose unsafe-perm in lifecycle true
8 info db-project@1.0.0 Failed to exec test script
9 error db-project@1.0.0 test: `echo "Error: no test specified" && exit 1`
9 error Exit status 1
10 error Failed at the db-project@1.0.0 test script.
10 error This is most likely a problem with the db-project package,
10 error not with npm itself.
10 error Tell the author that this fails on your system:
10 error     echo "Error: no test specified" && exit 1
10 error You can get their info via:
10 error     npm owner ls db-project
10 error There is likely additional logging output above.
11 error System Darwin 14.3.0
12 error command "/Users/noah/.nvm/v0.10.36/bin/node" "/Users/noah/.nvm/v0.10.36/bin/npm" "run" "test"
13 error cwd /Users/noah/Projects/personal/db-project
14 error node -v v0.10.36
15 error npm -v 1.4.28
16 error code ELIFECYCLE
17 verbose exit [ 1, true ]
